SF:lib/lorem.dart
DA:14,1
DA:16,1
DA:18,2
DA:21,1
DA:23,2
DA:26,1
DA:28,2
LF:7
LH:7
end_of_record
SF:lib/ipsum.dart
DA:5,1
DA:7,3
DA:8,1
DA:9,2
DA:11,1
DA:12,3
LF:6
LH:6
end_of_record
SF:lib/dolor.dart
DA:7,1
DA:9,1
DA:10,2
DA:11,3
DA:14,1
DA:15,2
DA:16,1
LF:7
LH:7
end_of_record
SF:lib/sit.dart
DA:10,0
DA:12,0
DA:17,83
DA:19,0
DA:20,0
DA:25,0
DA:29,0
DA:33,0
DA:37,0
DA:41,0
DA:45,0
DA:49,0
DA:53,0
DA:57,0
DA:61,0
DA:65,0
DA:69,0
DA:79,0
DA:95,0
DA:96,0
DA:113,0
DA:114,0
DA:133,0
DA:134,0
DA:151,0
DA:164,0
DA:183,0
DA:185,0
DA:187,0
DA:188,0
DA:190,0
DA:194,0
DA:195,0
DA:196,0
DA:206,234
DA:211,0
DA:213,0
DA:216,0
DA:219,0
DA:220,0
DA:221,0
DA:224,0
DA:226,0
DA:228,0
DA:231,0
DA:233,0
DA:250,0
DA:253,0
DA:272,0
DA:274,0
DA:277,0
DA:297,0
DA:300,0
DA:319,0
DA:321,0
DA:327,0
DA:329,0
DA:330,0
DA:332,0
DA:346,0
DA:348,0
DA:350,0
DA:351,0
DA:357,134
DA:359,0
DA:364,0
DA:366,0
DA:369,0
DA:370,0
DA:372,0
DA:389,0
DA:392,0
DA:411,0
DA:413,0
DA:416,0
DA:436,0
DA:439,0
DA:458,0
DA:460,0
DA:466,83
DA:480,0
DA:482,0
DA:484,0
DA:485,0
DA:491,83
DA:493,0
DA:498,0
DA:500,0
DA:503,0
DA:504,0
DA:506,0
DA:523,0
DA:526,0
DA:545,0
DA:547,0
DA:550,0
DA:570,0
DA:573,0
DA:592,0
DA:594,0
DA:600,83
DA:614,0
DA:616,0
DA:618,0
DA:619,0
DA:625,166
DA:627,0
DA:632,0
DA:634,0
DA:637,0
DA:638,0
DA:640,0
DA:657,0
DA:660,0
DA:679,0
DA:681,0
DA:684,0
DA:704,0
DA:707,0
DA:726,0
DA:728,0
DA:734,83
DA:748,0
DA:750,0
DA:752,0
DA:753,0
DA:759,211
DA:761,0
DA:766,0
DA:768,0
DA:771,0
DA:772,0
DA:774,0
DA:791,0
DA:794,0
DA:813,0
DA:815,0
DA:818,0
DA:838,0
DA:841,0
DA:860,0
DA:862,0
DA:868,83
DA:882,0
DA:884,0
DA:886,0
DA:887,0
DA:893,169
DA:895,0
DA:900,0
DA:902,0
DA:905,0
DA:906,0
DA:908,0
DA:925,0
DA:928,0
DA:947,0
DA:949,0
DA:952,0
DA:972,0
DA:975,0
DA:994,0
DA:996,0
DA:1002,83
DA:1016,0
DA:1018,0
DA:1020,0
DA:1021,0
DA:1027,96
DA:1029,0
DA:1034,0
DA:1036,0
DA:1039,0
DA:1040,0
DA:1042,0
DA:1059,0
DA:1062,0
DA:1081,0
DA:1083,0
DA:1086,0
DA:1106,0
DA:1109,0
DA:1128,0
DA:1130,0
DA:1136,83
DA:1150,0
DA:1152,0
DA:1154,0
DA:1155,0
DA:1161,315
DA:1163,0
DA:1168,1
DA:1170,0
DA:1173,0
DA:1174,0
DA:1176,0
DA:1193,0
DA:1196,0
DA:1215,0
DA:1217,0
DA:1220,0
DA:1240,0
DA:1243,0
DA:1262,0
DA:1264,0
DA:1270,83
DA:1284,0
DA:1286,0
DA:1288,0
DA:1289,0
DA:1295,187
DA:1297,0
DA:1302,0
DA:1304,0
DA:1307,0
DA:1308,0
DA:1310,0
DA:1327,0
DA:1330,0
DA:1349,0
DA:1351,0
DA:1354,0
DA:1374,0
DA:1377,0
DA:1396,0
DA:1398,0
DA:1404,83
DA:1418,0
DA:1420,0
DA:1422,0
DA:1423,0
DA:1429,164
DA:1431,0
DA:1436,0
DA:1438,0
DA:1441,0
DA:1442,0
DA:1444,0
DA:1461,0
DA:1464,0
DA:1483,0
DA:1485,0
DA:1488,0
DA:1508,0
DA:1511,0
DA:1530,0
DA:1532,0
DA:1538,83
DA:1552,0
DA:1554,0
DA:1556,0
DA:1557,0
DA:1563,83
DA:1565,0
DA:1570,0
DA:1572,0
DA:1575,0
DA:1576,0
DA:1578,0
DA:1595,0
DA:1598,0
DA:1617,0
DA:1619,0
DA:1622,0
DA:1642,0
DA:1645,0
DA:1664,0
DA:1666,0
DA:1672,83
DA:1686,0
DA:1688,0
DA:1690,0
DA:1691,0
DA:1697,83
DA:1699,0
DA:1704,0
DA:1706,0
DA:1709,0
DA:1710,0
DA:1712,0
DA:1729,0
DA:1732,0
DA:1751,0
DA:1753,0
DA:1756,0
DA:1776,0
DA:1779,0
DA:1798,0
DA:1800,0
DA:1806,83
DA:1820,0
DA:1822,0
DA:1824,0
DA:1825,0
DA:1831,83
DA:1833,0
DA:1838,0
DA:1840,0
DA:1843,0
DA:1844,0
DA:1846,0
DA:1863,0
DA:1866,0
DA:1885,0
DA:1887,0
DA:1890,0
DA:1910,0
DA:1913,0
DA:1932,0
DA:1934,0
DA:1940,83
LF:311
LH:27
end_of_record
SF:lib/amet.dart
DA:7,83
LF:1
LH:1
end_of_record